<?xml version="1.0" encoding="UTF-8"?>
<testsuite name="MyGraphTest" tests="1" skipped="0" failures="0" errors="0" timestamp="2023-08-14T03:05:35" hostname="MSI" time="0.018">
  <properties/>
  <testcase name="testMyGraphRemove()" classname="MyGraphTest" time="0.018"/>
  <system-out><![CDATA[]]></system-out>
  <system-err><![CDATA[]]></system-err>
</testsuite>
